Traceback (most recent call last):
  File "C:\Users\Keyla Alba\.conda\envs\tf_gpu_py39\lib\site-packages\jupyter_core\utils\__init__.py", line 154, in wrapped
    asyncio.get_running_loop()
RuntimeError: no running event loop

During handling of the above exception, another exception occurred:

Traceback (most recent call last):
  File "C:\Users\Keyla Alba\.conda\envs\tf_gpu_py39\lib\site-packages\jupyter_cache\executors\utils.py", line 58, in single_nb_execution
    executenb(
  File "C:\Users\Keyla Alba\.conda\envs\tf_gpu_py39\lib\site-packages\nbclient\client.py", line 1319, in execute
    return NotebookClient(nb=nb, resources=resources, km=km, **kwargs).execute()
  File "C:\Users\Keyla Alba\.conda\envs\tf_gpu_py39\lib\site-packages\jupyter_core\utils\__init__.py", line 158, in wrapped
    return loop.run_until_complete(inner)
  File "C:\Users\Keyla Alba\.conda\envs\tf_gpu_py39\lib\asyncio\base_events.py", line 647, in run_until_complete
    return future.result()
  File "C:\Users\Keyla Alba\.conda\envs\tf_gpu_py39\lib\site-packages\nbclient\client.py", line 709, in async_execute
    await self.async_execute_cell(
  File "C:\Users\Keyla Alba\.conda\envs\tf_gpu_py39\lib\site-packages\nbclient\client.py", line 1062, in async_execute_cell
    await self._check_raise_for_error(cell, cell_index, exec_reply)
  File "C:\Users\Keyla Alba\.conda\envs\tf_gpu_py39\lib\site-packages\nbclient\client.py", line 918, in _check_raise_for_error
    raise CellExecutionError.from_cell_and_msg(cell, exec_reply_content)
nbclient.exceptions.CellExecutionError: An error occurred while executing the following cell:
------------------
df_comparado['ALLSKY_SFC_SW_DWN_IMPUTACION'] = df_comparado['ALLSKY_SFC_SW_DWN'].copy()
df_comparado['ALLSKY_SFC_SW_DWN_IMPUTACION'] = df_comparado['ALLSKY_SFC_SW_DWN_IMPUTACION'].replace(-999.0, pd.NA)
df_comparado['datetime'] = pd.to_datetime(df_comparado['datetime'])
df_comparado['dayofyear'] = df_comparado['datetime'].dt.dayofyear
df_comparado['hour'] = df_comparado['datetime'].dt.hour
tabla_promedios_nasa = df_comparado.groupby(['dayofyear', 'hour'])['ALLSKY_SFC_SW_DWN_IMPUTACION'].mean()
def imputar_estacional_nasa(row):
    if pd.isna(row['ALLSKY_SFC_SW_DWN_IMPUTACION']):
        return tabla_promedios_nasa.get((int(row['dayofyear']), int(row['hour'])), 0)
    else:
        return row['ALLSKY_SFC_SW_DWN_IMPUTACION']
df_comparado['ALLSKY_SFC_SW_DWN_ESTACIONAL'] = df_comparado.apply(imputar_estacional_nasa, axis=1)
df_comparado.tail(10)
------------------


[1;31m---------------------------------------------------------------------------[0m
[1;31mNameError[0m                                 Traceback (most recent call last)
Cell [1;32mIn[1], line 1[0m
[1;32m----> 1[0m df_comparado[[38;5;124m'[39m[38;5;124mALLSKY_SFC_SW_DWN_IMPUTACION[39m[38;5;124m'[39m] [38;5;241m=[39m [43mdf_comparado[49m[[38;5;124m'[39m[38;5;124mALLSKY_SFC_SW_DWN[39m[38;5;124m'[39m][38;5;241m.[39mcopy()
[0;32m      2[0m df_comparado[[38;5;124m'[39m[38;5;124mALLSKY_SFC_SW_DWN_IMPUTACION[39m[38;5;124m'[39m] [38;5;241m=[39m df_comparado[[38;5;124m'[39m[38;5;124mALLSKY_SFC_SW_DWN_IMPUTACION[39m[38;5;124m'[39m][38;5;241m.[39mreplace([38;5;241m-[39m[38;5;241m999.0[39m, pd[38;5;241m.[39mNA)
[0;32m      3[0m df_comparado[[38;5;124m'[39m[38;5;124mdatetime[39m[38;5;124m'[39m] [38;5;241m=[39m pd[38;5;241m.[39mto_datetime(df_comparado[[38;5;124m'[39m[38;5;124mdatetime[39m[38;5;124m'[39m])

[1;31mNameError[0m: name 'df_comparado' is not defined

